1599279804902	geckodriver	INFO	Listening on 127.0.0.1:51685
1599279808245	mozrunner::runner	INFO	Running command: "C:\\Program Files\\Mozilla Firefox\\firefox.exe" "--marionette" "-foreground" "-no-remote" "-profile" "C:\\Users\\Ozan\\AppData\\Local\\Temp\\rust_mozprofile9iHenD"
JavaScript error: resource://gre/modules/XULStore.jsm, line 66: Error: Can't find profile directory.
console.error: SearchCache: "_readCacheFile: Error reading cache file:" (new Error("", "(unknown module)"))
1599279820083	Marionette	INFO	Listening on port 51694
[Parent 2712, Gecko_IOThread] WARNING: file /builds/worker/checkouts/gecko/ipc/chromium/src/base/process_util_win.cc, line 166
JavaScript error: , line 0: NS_ERROR_NOT_AVAILABLE
JavaScript warning: https://www.googletagservices.com/activeview/js/current/osd.js?cb=%2Fr20100101, line 6: Script terminated by timeout at:
k.L@https://www.googletagservices.com/activeview/js/current/osd.js?cb=%2Fr20100101:6:1
k.L@https://www.googletagservices.com/activeview/js/current/osd.js?cb=%2Fr20100101:6:57124
ng@https://www.googletagservices.com/activeview/js/current/osd.js?cb=%2Fr20100101:6:50042
yg@https://www.googletagservices.com/activeview/js/current/osd.js?cb=%2Fr20100101:6:62943
zg.prototype.a@https://www.googletagservices.com/activeview/js/current/osd.js?cb=%2Fr20100101:6:53709
kg/<@https://www.googletagservices.com/activeview/js/current/osd.js?cb=%2Fr20100101:6:48309
x@https://www.googletagservices.com/activeview/js/current/osd.js?cb=%2Fr20100101:6:3121
kg@https://www.googletagservices.com/activeview/js/current/osd.js?cb=%2Fr20100101:6:48282
fh/<@https://www.googletagservices.com/activeview/js/current/osd.js?cb=%2Fr20100101:6:62150
x@https://www.googletagservices.com/activeview/js/current/osd.js?cb=%2Fr20100101:6:3121
fh@https://www.googletagservices.com/activeview/js/current/osd.js?cb=%2Fr20100101:6:62059
dh@https://www.googletagservices.com/activeview/js/current/osd.js?cb=%2Fr20100101:6:58797
ah.prototype.zb@https://www.googletagservices.com/activeview/js/current/osd.js?cb=%2Fr20100101:6:58424
Xe/a.a<@https://www.googletagservices.com/activeview/js/current/osd.js?cb=%2Fr20100101:6:33693
be/</<@https://www.googletagservices.com/activeview/js/current/osd.js?cb=%2Fr20100101:6:26391
Zd/<@https://www.googletagservices.com/activeview/js/current/osd.js?cb=%2Fr20100101:6:25930
Dd/<@https://www.googletagservices.com/activeview/js/current/osd.js?cb=%2Fr20100101:6:22923
Zd@https://www.googletagservices.com/activeview/js/current/osd.js?cb=%2Fr20100101:6:26238
be/<@https://www.googletagservices.com/activeview/js/current/osd.js?cb=%2Fr20100101:6:26364
Dd/<@https://www.googletagservices.com/activeview/js/current/osd.js?cb=%2Fr20100101:6:22923
Dd/<@https://www.googletagservices.com/activeview/js/current/osd.js?cb=%2Fr20100101:6:22967

1599281375569	Marionette	INFO	Stopped listening on port 51694

###!!! [Child][MessageChannel::SendAndWait] Error: Channel error: cannot send/recv

chCache: "_readCacheFile: Error reading cache file:" (new Error("", "(unknown module)"))
1599280700109	Marionette	INFO	Listening on port 52696
1599280701095	Marionette	WARN	TLS certificate errors will be ignored for this session
1599280701503	Marionette	ERROR	[29] No reply from Marionette:Register
1599280710308	Marionette	INFO	Stopped listening on port 52696

###!!! [Child][RunMessage] Error: Channel closing: too late to send/recv, messages will be lost


###!!! [Child][MessageChannel::SendAndWait] Error: Channel error: cannot send/recv

1599280725169	geckodriver	INFO	Listening on 127.0.0.1:52764
1599280728481	mozrunner::runner	INFO	Running command: "C:\\Program Files\\Mozilla Firefox\\firefox.exe" "--marionette" "-foreground" "-no-remote" "-profile" "C:\\Users\\Ozan\\AppData\\Local\\Temp\\rust_mozprofile6TpVqC"
JavaScript error: resource://gre/modules/XULStore.jsm, line 66: Error: Can't find profile directory.
console.error: SearchCache: "_readCacheFile: Error reading cache file:" (new Error("", "(unknown module)"))
1599280734602	Marionette	INFO	Listening on port 52775
1599280734701	Marionette	WARN	TLS certificate errors will be ignored for this session
1599280740590	Marionette	INFO	Stopped listening on port 52775

###!!! [Child][RunMessage] Error: Channel closing: too late to send/recv, messages will be lost


###!!! [Child][MessageChannel::SendAndWait] Error: Channel error: cannot send/recv

1599280768437	geckodriver	INFO	Listening on 127.0.0.1:52842
1599280771486	mozrunner::runner	INFO	Running command: "C:\\Program Files\\Mozilla Firefox\\firefox.exe" "--marionette" "-foreground" "-no-remote" "-profile" "C:\\Users\\Ozan\\AppData\\Local\\Temp\\rust_mozprofilenk8Sfi"
JavaScript error: resource://gre/modules/XULStore.jsm, line 66: Error: Can't find profile directory.
console.error: SearchCache: "_readCacheFile: Error reading cache file:" (new Error("", "(unknown module)"))
1599280774844	Marionette	INFO	Listening on port 52850
1599280775105	Marionette	WARN	TLS certificate errors will be ignored for this session
1599280781215	Marionette	INFO	Stopped listening on port 52850

###!!! [Child][RunMessage] Error: Channel closing: too late to send/recv, messages will be lost


###!!! [Child][MessageChannel::SendAndWait] Error: Channel error: cannot send/recv

1599280790709	geckodriver	INFO	Listening on 127.0.0.1:52903
1599280793764	mozrunner::runner	INFO	Running command: "C:\\Program Files\\Mozilla Firefox\\firefox.exe" "--marionette" "-foreground" "-no-remote" "-profile" "C:\\Users\\Ozan\\AppData\\Local\\Temp\\rust_mozprofilewwLAlM"
JavaScript error: resource://gre/modules/XULStore.jsm, line 66: Error: Can't find profile directory.
console.error: SearchCache: "_readCacheFile: Error reading cache file:" (new Error("", "(unknown module)"))
1599280797671	Marionette	INFO	Listening on port 52913
1599280797883	Marionette	WARN	TLS certificate errors will be ignored for this session
1599280801428	Marionette	INFO	Stopped listening on port 52913

###!!! [Child][RunMessage] Error: Channel closing: too late to send/recv, messages will be lost


###!!! [Child][MessageChannel::SendAndWait] Error: Channel error: cannot send/recv

1599281030459	geckodriver	INFO	Listening on 127.0.0.1:53164
1599281035281	mozrunner::runner	INFO	Running command: "C:\\Program Files\\Mozilla Firefox\\firefox.exe" "--marionette" "-foreground" "-no-remote" "-profile" "C:\\Users\\Ozan\\AppData\\Local\\Temp\\rust_mozprofile3hKYEH"
JavaScript error: resource://gre/modules/XULStore.jsm, line 66: Error: Can't find profile directory.
console.error: SearchCache: "_readCacheFile: Error reading cache file:" (new Error("", "(unknown module)"))
1599281046634	Marionette	INFO	Listening on port 53178
1599281047700	Marionette	WARN	TLS certificate errors will be ignored for this session
1599281054213	Marionette	INFO	Stopped listening on port 53178

###!!! [Child][MessageChannel::SendAndWait] Error: Channel error: cannot send/recv

1599281336477	geckodriver	INFO	Listening on 127.0.0.1:53526
1599281339505	mozrunner::runner	INFO	Running command: "C:\\Program Files\\Mozilla Firefox\\firefox.exe" "--marionette" "-foreground" "-no-remote" "-profile" "C:\\Users\\Ozan\\AppData\\Local\\Temp\\rust_mozprofileHRBmum"
JavaScript error: resource://gre/modules/XULStore.jsm, line 66: Error: Can't find profile directory.
console.error: SearchCache: "_readCacheFile: Error reading cache file:" (new Error("", "(unknown module)"))
1599281344442	Marionette	INFO	Listening on port 53536
Exiting due to channel error.
1599281367334	geckodriver	INFO	Listening on 127.0.0.1:53635
1599281370389	mozrunner::runner	INFO	Running command: "C:\\Program Files\\Mozilla Firefox\\firefox.exe" "--marionette" "-foreground" "-no-remote" "-profile" "C:\\Users\\Ozan\\AppData\\Local\\Temp\\rust_mozprofilepyqWxI"
JavaScript error: resource://gre/modules/XULStore.jsm, line 66: Error: Can't find profile directory.
console.error: SearchCache: "_readCacheFile: Error reading cache file:" (new Error("", "(unknown module)"))
1599281374455	Marionette	INFO	Listening on port 53645
1599281374578	Marionette	WARN	TLS certificate errors will be ignored for this session
1599281386744	Marionette	INFO	Stopped listening on port 53645

###!!! [Child][RunMessage] Error: Channel closing: too late to send/recv, messages will be lost


###!!! [Child][MessageChannel::SendAndWait] Error: Channel error: cannot send/recv

1599283156349	geckodriver	INFO	Listening on 127.0.0.1:50541
1599283159672	mozrunner::runner	INFO	Running command: "C:\\Program Files\\Mozilla Firefox\\firefox.exe" "--marionette" "-foreground" "-no-remote" "-profile" "C:\\Users\\Ozan\\AppData\\Local\\Temp\\rust_mozprofileoe5B77"
JavaScript error: resource://gre/modules/XULStore.jsm, line 66: Error: Can't find profile directory.
console.error: SearchCache: "_readCacheFile: Error reading cache file:" (new Error("", "(unknown module)"))
1599283168549	Marionette	INFO	Listening on port 50551
1599283168627	Marionette	WARN	TLS certificate errors will be ignored for this session
1599283176515	Marionette	INFO	Stopped listening on port 50551

###!!! [Child][RunMessage] Error: Channel closing: too late to send/recv, messages will be lost


###!!! [Child][MessageChannel::SendAndWait] Error: Channel error: cannot send/recv

1599283193503	geckodriver	INFO	Listening on 127.0.0.1:50635
1599283196696	mozrunner::runner	INFO	Running command: "C:\\Program Files\\Mozilla Firefox\\firefox.exe" "--marionette" "-foreground" "-no-remote" "-profile" "C:\\Users\\Ozan\\AppData\\Local\\Temp\\rust_mozprofileNwjtTF"
JavaScript error: resource://gre/modules/XULStore.jsm, line 66: Error: Can't find profile directory.
console.error: SearchCache: "_readCacheFile: Error reading cache file:" (new Error("", "(unknown module)"))
1599283203588	Marionette	INFO	Listening on port 50645
1599283204048	Marionette	WARN	TLS certificate errors will be ignored for this session
1599283383105	Marionette	INFO	Stopped listening on port 50645

###!!! [Child][RunMessage] Error: Channel closing: too late to send/recv, messages will be lost


###!!! [Child][MessageChannel::SendAndWait] Error: Channel error: cannot send/recv

emp\\rust_mozprofiledC4gfb"
JavaScript error: resource://gre/modules/XULStore.jsm, line 66: Error: Can't find profile directory.
console.error: SearchCache: "_readCacheFile: Error reading cache file:" (new Error("", "(unknown module)"))
[Parent 21852, Gecko_IOThread] WARNING: file /builds/worker/checkouts/gecko/ipc/chromium/src/base/process_util_win.cc, line 166
1599283374859	Marionette	INFO	Listening on port 50868
1599283375274	Marionette	WARN	TLS certificate errors will be ignored for this session
1599283379240	Marionette	INFO	Stopped listening on port 50868

###!!! [Child][RunMessage] Error: Channel closing: too late to send/recv, messages will be lost


###!!! [Child][MessageChannel::SendAndWait] Error: Channel error: cannot send/recv

1599283444006	geckodriver	INFO	Listening on 127.0.0.1:50997
1599283447152	mozrunner::runner	INFO	Running command: "C:\\Program Files\\Mozilla Firefox\\firefox.exe" "--marionette" "-foreground" "-no-remote" "-profile" "C:\\Users\\Ozan\\AppData\\Local\\Temp\\rust_mozprofileifVB4K"
JavaScript error: resource://gre/modules/XULStore.jsm, line 66: Error: Can't find profile directory.
console.error: SearchCache: "_readCacheFile: Error reading cache file:" (new Error("", "(unknown module)"))
1599283451362	Marionette	INFO	Listening on port 51006
1599283451409	Marionette	WARN	TLS certificate errors will be ignored for this session
1599283531214	Marionette	INFO	Stopped listening on port 51006

###!!! [Child][RunMessage] Error: Channel closing: too late to send/recv, messages will be lost


###!!! [Child][MessageChannel::SendAndWait] Error: Channel error: cannot send/recv

1599283639298	geckodriver	INFO	Listening on 127.0.0.1:51276
1599283642465	mozrunner::runner	INFO	Running command: "C:\\Program Files\\Mozilla Firefox\\firefox.exe" "--marionette" "-foreground" "-no-remote" "-profile" "C:\\Users\\Ozan\\AppData\\Local\\Temp\\rust_mozprofiletR9RMe"
JavaScript error: resource://gre/modules/XULStore.jsm, line 66: Error: Can't find profile directory.
console.error: SearchCache: "_readCacheFile: Error reading cache file:" (new Error("", "(unknown module)"))
1599283645823	Marionette	INFO	Listening on port 51284
1599283646706	Marionette	WARN	TLS certificate errors will be ignored for this session
1599283672329	Marionette	INFO	Stopped listening on port 51284

###!!! [Child][RunMessage] Error: Channel closing: too late to send/recv, messages will be lost


###!!! [Child][MessageChannel::SendAndWait] Error: Channel error: cannot send/recv

1599283697709	geckodriver	INFO	Listening on 127.0.0.1:51369
1599283700868	mozrunner::runner	INFO	Running command: "C:\\Program Files\\Mozilla Firefox\\firefox.exe" "--marionette" "-foreground" "-no-remote" "-profile" "C:\\Users\\Ozan\\AppData\\Local\\Temp\\rust_mozprofileY5YvbY"
JavaScript error: resource://gre/modules/XULStore.jsm, line 66: Error: Can't find profile directory.
console.error: SearchCache: "_readCacheFile: Error reading cache file:" (new Error("", "(unknown module)"))
1599283704347	Marionette	INFO	Listening on port 51380
1599283704507	Marionette	WARN	TLS certificate errors will be ignored for this session
1599283716621	Marionette	INFO	Stopped listening on port 51380

###!!! [Child][RunMessage] Error: Channel closing: too late to send/recv, messages will be lost


###!!! [Child][MessageChannel::SendAndWait] Error: Channel error: cannot send/recv

1599283756542	geckodriver	INFO	Listening on 127.0.0.1:51463
1599283759769	mozrunner::runner	INFO	Running command: "C:\\Program Files\\Mozilla Firefox\\firefox.exe" "--marionette" "-foreground" "-no-remote" "-profile" "C:\\Users\\Ozan\\AppData\\Local\\Temp\\rust_mozprofileFCCsn9"
JavaScript error: resource://gre/modules/XULStore.jsm, line 66: Error: Can't find profile directory.
console.error: SearchCache: "_readCacheFile: Error reading cache file:" (new Error("", "(unknown module)"))
1599283763350	Marionette	INFO	Listening on port 51473
1599283763396	Marionette	WARN	TLS certificate errors will be ignored for this session
1599283799170	Marionette	INFO	Stopped listening on port 51473

###!!! [Child][RunMessage] Error: Channel closing: too late to send/recv, messages will be lost


###!!! [Child][MessageChannel::SendAndWait] Error: Channel error: cannot send/recv

emp\\rust_mozprofilea32nEz"
JavaScript error: resource://gre/modules/XULStore.jsm, line 66: Error: Can't find profile directory.
console.error: SearchCache: "_readCacheFile: Error reading cache file:" (new Error("", "(unknown module)"))
1599283804386	Marionette	INFO	Listening on port 51577
1599283804422	Marionette	WARN	TLS certificate errors will be ignored for this session
JavaScript warning: https://www.instagram.com/static/bundles/es6/ConsumerLibCommons.js/8de162dfc667.js, line 84: Script terminated by timeout at:
o@https://www.instagram.com/static/bundles/es6/ConsumerLibCommons.js/8de162dfc667.js:84:286
b.post@https://www.instagram.com/static/bundles/es6/ConsumerLibCommons.js/8de162dfc667.js:84:2817
t@https://www.instagram.com/static/bundles/es6/ConsumerLibCommons.js/8de162dfc667.js:89:66
c@https://www.instagram.com/static/bundles/es6/Consumer.js/b7fc8e123846.js:181:231
n@https://www.instagram.com/static/bundles/es6/Consumer.js/b7fc8e123846.js:181:133
t@https://www.instagram.com/static/bundles/es6/Consumer.js/b7fc8e123846.js:182:135
e.initTimeSpentBitArrayLogger/<@https://www.instagram.com/static/bundles/es6/Consumer.js/b7fc8e123846.js:181:733
inform/<@https://www.instagram.com/static/bundles/es6/ConsumerLibCommons.js/8de162dfc667.js:85:142
inform@https://www.instagram.com/static/bundles/es6/ConsumerLibCommons.js/8de162dfc667.js:85:131
h@https://www.instagram.com/static/bundles/es6/ConsumerLibCommons.js/8de162dfc667.js:84:2108
v@https://www.instagram.com/static/bundles/es6/ConsumerUICommons.js/fc80810b70de.js:32:187

1599283856906	Marionette	INFO	Stopped listening on port 51577

###!!! [Child][RunMessage] Error: Channel closing: too late to send/recv, messages will be lost


###!!! [Child][MessageChannel::SendAndWait] Error: Channel error: cannot send/recv

